<?xml version="1.0" encoding="UTF-8"?>
<!-- Generated by org.testng.reporters.JUnitXMLReporter -->
<testsuite ignored="1" hostname="pradip" failures="0" tests="3" name="Regression" time="50.521" errors="0" timestamp="2022-08-11T17:47:26 IST">
  <testcase classname="Practice.facebookloginpageTestNg" name="credentiallogin" time="6.235"/>
  <testcase classname="Practice.facebookloginpageTestNg" name="loginwithemail" time="0.143"/>
  <testcase classname="Practice.facebookloginpageTestNg" name="loginwithpass" time="0.132"/>
  <testcase classname="Practice.facebookloginpageTestNg" name="createnewac" time="0.0">
    <ignored/>
  </testcase> <!-- createnewac -->
</testsuite> <!-- Regression -->
