<?xml version="1.0" encoding="UTF-8"?>
<!-- Generated by org.testng.reporters.JUnitXMLReporter -->
<testsuite ignored="0" hostname="pradip" failures="0" tests="4" name="sanity" time="0.022" errors="0" timestamp="2022-08-11T17:47:26 IST">
  <testcase classname="Practice.TestNG" name="test" time="0.005"/>
  <testcase classname="Practice.TestNG" name="test3" time="0.001"/>
  <testcase classname="Practice.TestNG" name="test3" time="0.0"/>
  <testcase classname="Practice.TestNG" name="test1" time="0.002"/>
</testsuite> <!-- sanity -->
