<?xml version="1.0" encoding="UTF-8"?>
<!-- Generated by org.testng.reporters.JUnitXMLReporter -->
<testsuite ignored="2" hostname="pradip" failures="0" tests="1" name="SIT" time="0.002" errors="0" timestamp="2022-08-11T17:47:26 IST">
  <testcase classname="TestNG.practice" name="sample" time="0.0"/>
  <testcase classname="TestNG.practice" name="test" time="0.0">
    <ignored/>
  </testcase> <!-- test -->
  <testcase classname="TestNG.practice" name="demo" time="0.0">
    <ignored/>
  </testcase> <!-- demo -->
</testsuite> <!-- SIT -->
